social.are
limbo.are
bastions.are
quests.are
quest2.are
higher.are
balnost.are
caerwynf.are
muzgull.are
limit.are
road0.are
byrtujol.are
road2.are
venpal.are
chasm.are
mirlsprt.are
chillriv.are
luvarivr.are
palisea.are
demons.are
revjail.are
mschool.are
grayldem.are
underdrk.are
ancients.are
dischord.are
eddeltri.are
desolate.are
ulsym.are
illithid.are
godlow.are
silvercv.are
eastrd1.are
justice.are
cartel.are
royaldg.are
royalul.are
royalrv.are
muse.are
templar.are
empire.are
sage.are
warlord.are
saint.are
dargoth.are
luva.are
pisle.are
luvanwd.are
malag.are
nlake.are
lostdes.are
rivluva.are
sands.are
erythane.are
hiddval.are
malunda.are
pyall.are
ester.are
emmereau.are
revelspt.are
heldmar.are
darkling.are
frostwd.are
mountrail.are
colosseu.are
plains.are
thule.are
leomint.are
raider.are
zalango.are
somarch.are
drakhen.are
hauntedh.are
fresia.are
yarlwood.are
shargoth.are
outplane.are
$
