2004.08.15 22:23 A F:\Backup08152004\area\ancients.are <-- Age of Mirlan /home/mud/ageofmirlan/crptcnt/test/area ancients.are
2004.08.15 22:23 A F:\Backup08152004\area\approved.txt <-- Age of Mirlan /home/mud/ageofmirlan/crptcnt/test/area approved.txt
2004.08.15 22:23 A F:\Backup08152004\area\area.lst <-- Age of Mirlan /home/mud/ageofmirlan/crptcnt/test/area area.lst
2004.08.15 22:23 A F:\Backup08152004\area\area.lst~ <-- Age of Mirlan /home/mud/ageofmirlan/crptcnt/test/area area.lst~
2004.08.15 22:23 A F:\Backup08152004\area\arealink <-- Age of Mirlan /home/mud/ageofmirlan/crptcnt/test/area arealink
2004.08.15 22:23 A F:\Backup08152004\area\arealink.c <-- Age of Mirlan /home/mud/ageofmirlan/crptcnt/test/area arealink.c
2004.08.15 22:23 A F:\Backup08152004\area\balnost.are <-- Age of Mirlan /home/mud/ageofmirlan/crptcnt/test/area balnost.are
2004.08.15 22:23 A F:\Backup08152004\area\ban.txt <-- Age of Mirlan /home/mud/ageofmirlan/crptcnt/test/area ban.txt
2004.08.15 22:23 A F:\Backup08152004\area\bastions.are <-- Age of Mirlan /home/mud/ageofmirlan/crptcnt/test/area bastions.are
2004.08.15 22:23 A F:\Backup08152004\area\bugs.txt <-- Age of Mirlan /home/mud/ageofmirlan/crptcnt/test/area bugs.txt
2004.08.15 22:23 A F:\Backup08152004\area\byrtujol.are <-- Age of Mirlan /home/mud/ageofmirlan/crptcnt/test/area byrtujol.are
2004.08.15 22:23 A F:\Backup08152004\area\byrtujol.are~ <-- Age of Mirlan /home/mud/ageofmirlan/crptcnt/test/area byrtujol.are~
2004.08.15 22:23 A F:\Backup08152004\area\caerwynf.are <-- Age of Mirlan /home/mud/ageofmirlan/crptcnt/test/area caerwynf.are
2004.08.15 22:23 A F:\Backup08152004\area\cartel.are <-- Age of Mirlan /home/mud/ageofmirlan/crptcnt/test/area cartel.are
2004.08.15 22:23 A F:\Backup08152004\area\chang.not <-- Age of Mirlan /home/mud/ageofmirlan/crptcnt/test/area chang.not
2004.08.15 22:23 A F:\Backup08152004\area\chasm.are <-- Age of Mirlan /home/mud/ageofmirlan/crptcnt/test/area chasm.are
2004.08.15 22:23 A F:\Backup08152004\area\chillriv.are <-- Age of Mirlan /home/mud/ageofmirlan/crptcnt/test/area chillriv.are
2004.08.15 22:23 A F:\Backup08152004\area\colosseu.are <-- Age of Mirlan /home/mud/ageofmirlan/crptcnt/test/area colosseu.are
2004.08.15 22:23 A F:\Backup08152004\area\crusader.are <-- Age of Mirlan /home/mud/ageofmirlan/crptcnt/test/area crusader.are
2004.08.15 22:23 A F:\Backup08152004\area\dargoth.are <-- Age of Mirlan /home/mud/ageofmirlan/crptcnt/test/area dargoth.are
2004.08.15 22:23 A F:\Backup08152004\area\darkling.are <-- Age of Mirlan /home/mud/ageofmirlan/crptcnt/test/area darkling.are
2004.08.15 22:23 A F:\Backup08152004\area\demons.are <-- Age of Mirlan /home/mud/ageofmirlan/crptcnt/test/area demons.are
2004.08.15 22:24 A F:\Backup08152004\area\desolate.are <-- Age of Mirlan /home/mud/ageofmirlan/crptcnt/test/area desolate.are
2004.08.15 22:24 A F:\Backup08152004\area\dischord.are <-- Age of Mirlan /home/mud/ageofmirlan/crptcnt/test/area dischord.are
2004.08.15 22:24 A F:\Backup08152004\area\drakhen.are <-- Age of Mirlan /home/mud/ageofmirlan/crptcnt/test/area drakhen.are
2004.08.15 22:24 A F:\Backup08152004\area\eastrd1.are <-- Age of Mirlan /home/mud/ageofmirlan/crptcnt/test/area eastrd1.are
2004.08.15 22:24 A F:\Backup08152004\area\eddeltri.are <-- Age of Mirlan /home/mud/ageofmirlan/crptcnt/test/area eddeltri.are
2004.08.15 22:24 A F:\Backup08152004\area\emmereau.are <-- Age of Mirlan /home/mud/ageofmirlan/crptcnt/test/area emmereau.are
2004.08.15 22:24 A F:\Backup08152004\area\emmereau.are~ <-- Age of Mirlan /home/mud/ageofmirlan/crptcnt/test/area emmereau.are~
2004.08.15 22:24 A F:\Backup08152004\area\empire.are <-- Age of Mirlan /home/mud/ageofmirlan/crptcnt/test/area empire.are
2004.08.15 22:24 A F:\Backup08152004\area\erythane.are <-- Age of Mirlan /home/mud/ageofmirlan/crptcnt/test/area erythane.are
2004.08.15 22:24 A F:\Backup08152004\area\erythane.are~ <-- Age of Mirlan /home/mud/ageofmirlan/crptcnt/test/area erythane.are~
2004.08.15 22:24 A F:\Backup08152004\area\estar.are <-- Age of Mirlan /home/mud/ageofmirlan/crptcnt/test/area estar.are
2004.08.15 22:24 A F:\Backup08152004\area\ester.are <-- Age of Mirlan /home/mud/ageofmirlan/crptcnt/test/area ester.are
2004.08.15 22:24 A F:\Backup08152004\area\ester.are~ <-- Age of Mirlan /home/mud/ageofmirlan/crptcnt/test/area ester.are~
2004.08.15 22:24 A F:\Backup08152004\area\fresia.are <-- Age of Mirlan /home/mud/ageofmirlan/crptcnt/test/area fresia.are
2004.08.15 22:24 A F:\Backup08152004\area\frostwd.are <-- Age of Mirlan /home/mud/ageofmirlan/crptcnt/test/area frostwd.are
2004.08.15 22:24 A F:\Backup08152004\area\frostwd.are~ <-- Age of Mirlan /home/mud/ageofmirlan/crptcnt/test/area frostwd.are~
2004.08.15 22:24 A F:\Backup08152004\area\godlow.are <-- Age of Mirlan /home/mud/ageofmirlan/crptcnt/test/area godlow.are
2004.08.15 22:24 A F:\Backup08152004\area\gods.are <-- Age of Mirlan /home/mud/ageofmirlan/crptcnt/test/area gods.are
2004.08.15 22:25 A F:\Backup08152004\area\grayldem.are <-- Age of Mirlan /home/mud/ageofmirlan/crptcnt/test/area grayldem.are
2004.08.15 22:25 A F:\Backup08152004\area\group.are <-- Age of Mirlan /home/mud/ageofmirlan/crptcnt/test/area group.are
2004.08.15 22:25 A F:\Backup08152004\area\hauntedh.are <-- Age of Mirlan /home/mud/ageofmirlan/crptcnt/test/area hauntedh.are
2004.08.15 22:25 A F:\Backup08152004\area\heldamue.are <-- Age of Mirlan /home/mud/ageofmirlan/crptcnt/test/area heldamue.are
2004.08.15 22:25 A F:\Backup08152004\area\heldmar.are <-- Age of Mirlan /home/mud/ageofmirlan/crptcnt/test/area heldmar.are
2004.08.15 22:25 A F:\Backup08152004\area\help.txt <-- Age of Mirlan /home/mud/ageofmirlan/crptcnt/test/area help.txt
2004.08.15 22:26 A F:\Backup08152004\area\help.txt~ <-- Age of Mirlan /home/mud/ageofmirlan/crptcnt/test/area help.txt~
2004.08.15 22:26 A F:\Backup08152004\area\help1.txt <-- Age of Mirlan /home/mud/ageofmirlan/crptcnt/test/area help1.txt
2004.08.15 22:27 A F:\Backup08152004\area\helpold.txt <-- Age of Mirlan /home/mud/ageofmirlan/crptcnt/test/area helpold.txt
2004.08.15 22:27 A F:\Backup08152004\area\herb.are <-- Age of Mirlan /home/mud/ageofmirlan/crptcnt/test/area herb.are
2004.08.15 22:27 A F:\Backup08152004\area\hiddval.are <-- Age of Mirlan /home/mud/ageofmirlan/crptcnt/test/area hiddval.are
2004.08.15 22:27 A F:\Backup08152004\area\hiddval.are~ <-- Age of Mirlan /home/mud/ageofmirlan/crptcnt/test/area hiddval.are~
2004.08.15 22:27 A F:\Backup08152004\area\higher.are <-- Age of Mirlan /home/mud/ageofmirlan/crptcnt/test/area higher.are
2004.08.15 22:27 A F:\Backup08152004\area\higher.are~ <-- Age of Mirlan /home/mud/ageofmirlan/crptcnt/test/area higher.are~
2004.08.15 22:27 A F:\Backup08152004\area\idea.not <-- Age of Mirlan /home/mud/ageofmirlan/crptcnt/test/area idea.not
2004.08.15 22:27 A F:\Backup08152004\area\Illegal.txt <-- Age of Mirlan /home/mud/ageofmirlan/crptcnt/test/area Illegal.txt
2004.08.15 22:27 A F:\Backup08152004\area\Illegal.txt~ <-- Age of Mirlan /home/mud/ageofmirlan/crptcnt/test/area Illegal.txt~
2004.08.15 22:27 A F:\Backup08152004\area\illithid.are <-- Age of Mirlan /home/mud/ageofmirlan/crptcnt/test/area illithid.are
2004.08.15 22:27 A F:\Backup08152004\area\justice.are <-- Age of Mirlan /home/mud/ageofmirlan/crptcnt/test/area justice.are
2004.08.15 22:27 A F:\Backup08152004\area\leomint.are <-- Age of Mirlan /home/mud/ageofmirlan/crptcnt/test/area leomint.are
2004.08.15 22:28 A F:\Backup08152004\area\limbo.are <-- Age of Mirlan /home/mud/ageofmirlan/crptcnt/test/area limbo.are
2004.08.15 22:28 A F:\Backup08152004\area\limbo.are~ <-- Age of Mirlan /home/mud/ageofmirlan/crptcnt/test/area limbo.are~
2004.08.15 22:28 A F:\Backup08152004\area\limbo_o.are <-- Age of Mirlan /home/mud/ageofmirlan/crptcnt/test/area limbo_o.are
2004.08.15 22:28 A F:\Backup08152004\area\limit.are <-- Age of Mirlan /home/mud/ageofmirlan/crptcnt/test/area limit.are
2004.08.15 22:28 A F:\Backup08152004\area\limit.txt <-- Age of Mirlan /home/mud/ageofmirlan/crptcnt/test/area limit.txt
2004.08.15 22:28 A F:\Backup08152004\area\lostdes.are <-- Age of Mirlan /home/mud/ageofmirlan/crptcnt/test/area lostdes.are
2004.08.15 22:28 A F:\Backup08152004\area\lostdes.are~ <-- Age of Mirlan /home/mud/ageofmirlan/crptcnt/test/area lostdes.are~
2004.08.15 22:28 A F:\Backup08152004\area\luva.are <-- Age of Mirlan /home/mud/ageofmirlan/crptcnt/test/area luva.are
2004.08.15 22:28 A F:\Backup08152004\area\luvanwd.are <-- Age of Mirlan /home/mud/ageofmirlan/crptcnt/test/area luvanwd.are
2004.08.15 22:28 A F:\Backup08152004\area\luvarivr.are <-- Age of Mirlan /home/mud/ageofmirlan/crptcnt/test/area luvarivr.are
2004.08.15 22:28 A F:\Backup08152004\area\malag.are <-- Age of Mirlan /home/mud/ageofmirlan/crptcnt/test/area malag.are
2004.08.15 22:28 A F:\Backup08152004\area\malunda.are <-- Age of Mirlan /home/mud/ageofmirlan/crptcnt/test/area malunda.are
2004.08.15 22:29 A F:\Backup08152004\area\malunda.are~ <-- Age of Mirlan /home/mud/ageofmirlan/crptcnt/test/area malunda.are~
2004.08.15 22:29 A F:\Backup08152004\area\mirlsprt.are <-- Age of Mirlan /home/mud/ageofmirlan/crptcnt/test/area mirlsprt.are
2004.08.15 22:29 A F:\Backup08152004\area\mountrail.are <-- Age of Mirlan /home/mud/ageofmirlan/crptcnt/test/area mountrail.are
2004.08.15 22:29 A F:\Backup08152004\area\mschool.are <-- Age of Mirlan /home/mud/ageofmirlan/crptcnt/test/area mschool.are
2004.08.15 22:29 A F:\Backup08152004\area\mschool.are~ <-- Age of Mirlan /home/mud/ageofmirlan/crptcnt/test/area mschool.are~
2004.08.15 22:29 A F:\Backup08152004\area\mudschl.are <-- Age of Mirlan /home/mud/ageofmirlan/crptcnt/test/area mudschl.are
2004.08.15 22:29 A F:\Backup08152004\area\muse.are <-- Age of Mirlan /home/mud/ageofmirlan/crptcnt/test/area muse.are
2004.08.15 22:29 A F:\Backup08152004\area\muzgull.are <-- Age of Mirlan /home/mud/ageofmirlan/crptcnt/test/area muzgull.are
2004.08.15 22:29 A F:\Backup08152004\area\news.not <-- Age of Mirlan /home/mud/ageofmirlan/crptcnt/test/area news.not
2004.08.15 22:29 A F:\Backup08152004\area\nlake.are <-- Age of Mirlan /home/mud/ageofmirlan/crptcnt/test/area nlake.are
2004.08.15 22:29 A F:\Backup08152004\area\nohup.out <-- Age of Mirlan /home/mud/ageofmirlan/crptcnt/test/area nohup.out
2004.08.15 22:29 A F:\Backup08152004\area\northro.are <-- Age of Mirlan /home/mud/ageofmirlan/crptcnt/test/area northro.are
2004.08.15 22:29 A F:\Backup08152004\area\notes.not <-- Age of Mirlan /home/mud/ageofmirlan/crptcnt/test/area notes.not
2004.08.15 22:29 A F:\Backup08152004\area\objsave.txt <-- Age of Mirlan /home/mud/ageofmirlan/crptcnt/test/area objsave.txt
2004.08.15 22:29 A F:\Backup08152004\area\objsave.txt~ <-- Age of Mirlan /home/mud/ageofmirlan/crptcnt/test/area objsave.txt~
2004.08.15 22:30 A F:\Backup08152004\area\Oldhelp.txt <-- Age of Mirlan /home/mud/ageofmirlan/crptcnt/test/area Oldhelp.txt
2004.08.15 22:30 A F:\Backup08152004\area\outplane.are <-- Age of Mirlan /home/mud/ageofmirlan/crptcnt/test/area outplane.are
2004.08.15 22:30 A F:\Backup08152004\area\palisea.are <-- Age of Mirlan /home/mud/ageofmirlan/crptcnt/test/area palisea.are
2004.08.15 22:30 A F:\Backup08152004\area\penal.not <-- Age of Mirlan /home/mud/ageofmirlan/crptcnt/test/area penal.not
2004.08.15 22:30 A F:\Backup08152004\area\pisle.are <-- Age of Mirlan /home/mud/ageofmirlan/crptcnt/test/area pisle.are
2004.08.15 22:30 A F:\Backup08152004\area\plains.are <-- Age of Mirlan /home/mud/ageofmirlan/crptcnt/test/area plains.are
2004.08.15 22:30 A F:\Backup08152004\area\psiguild.are <-- Age of Mirlan /home/mud/ageofmirlan/crptcnt/test/area psiguild.are
2004.08.15 22:30 A F:\Backup08152004\area\pyall.are <-- Age of Mirlan /home/mud/ageofmirlan/crptcnt/test/area pyall.are
2004.08.15 22:30 A F:\Backup08152004\area\quest2.are <-- Age of Mirlan /home/mud/ageofmirlan/crptcnt/test/area quest2.are
2004.08.15 22:30 A F:\Backup08152004\area\quests.are <-- Age of Mirlan /home/mud/ageofmirlan/crptcnt/test/area quests.are
2004.08.15 22:30 A F:\Backup08152004\area\raider.are <-- Age of Mirlan /home/mud/ageofmirlan/crptcnt/test/area raider.are
2004.08.15 22:30 A F:\Backup08152004\area\revelspt.are <-- Age of Mirlan /home/mud/ageofmirlan/crptcnt/test/area revelspt.are
2004.08.15 22:30 A F:\Backup08152004\area\revjail.are <-- Age of Mirlan /home/mud/ageofmirlan/crptcnt/test/area revjail.are
2004.08.15 22:31 A F:\Backup08152004\area\rivluva.are <-- Age of Mirlan /home/mud/ageofmirlan/crptcnt/test/area rivluva.are
2004.08.15 22:31 A F:\Backup08152004\area\road0.are <-- Age of Mirlan /home/mud/ageofmirlan/crptcnt/test/area road0.are
2004.08.15 22:31 A F:\Backup08152004\area\road2.are <-- Age of Mirlan /home/mud/ageofmirlan/crptcnt/test/area road2.are
2004.08.15 22:31 A F:\Backup08152004\area\rom.are <-- Age of Mirlan /home/mud/ageofmirlan/crptcnt/test/area rom.are
2004.08.15 22:31 A F:\Backup08152004\area\royaldg.are <-- Age of Mirlan /home/mud/ageofmirlan/crptcnt/test/area royaldg.are
2004.08.15 22:31 A F:\Backup08152004\area\royalrv.are <-- Age of Mirlan /home/mud/ageofmirlan/crptcnt/test/area royalrv.are
2004.08.15 22:31 A F:\Backup08152004\area\royalul.are <-- Age of Mirlan /home/mud/ageofmirlan/crptcnt/test/area royalul.are
2004.08.15 22:31 A F:\Backup08152004\area\rvlspalac.are <-- Age of Mirlan /home/mud/ageofmirlan/crptcnt/test/area rvlspalac.are
2004.08.15 22:31 A F:\Backup08152004\area\sage.are <-- Age of Mirlan /home/mud/ageofmirlan/crptcnt/test/area sage.are
2004.08.15 22:31 A F:\Backup08152004\area\saint.are <-- Age of Mirlan /home/mud/ageofmirlan/crptcnt/test/area saint.are
2004.08.15 22:31 A F:\Backup08152004\area\sands.are <-- Age of Mirlan /home/mud/ageofmirlan/crptcnt/test/area sands.are
2004.08.15 22:31 A F:\Backup08152004\area\sands.are~ <-- Age of Mirlan /home/mud/ageofmirlan/crptcnt/test/area sands.are~
2004.08.15 22:31 A F:\Backup08152004\area\shargoth.are <-- Age of Mirlan /home/mud/ageofmirlan/crptcnt/test/area shargoth.are
2004.08.15 22:31 A F:\Backup08152004\area\silvercv.are <-- Age of Mirlan /home/mud/ageofmirlan/crptcnt/test/area silvercv.are
2004.08.15 22:31 A F:\Backup08152004\area\social.are <-- Age of Mirlan /home/mud/ageofmirlan/crptcnt/test/area social.are
2004.08.15 22:31 A F:\Backup08152004\area\somarch.are <-- Age of Mirlan /home/mud/ageofmirlan/crptcnt/test/area somarch.are
2004.08.15 22:31 A F:\Backup08152004\area\startup-test <-- Age of Mirlan /home/mud/ageofmirlan/crptcnt/test/area startup-test
2004.08.15 22:31 A F:\Backup08152004\area\startup-test~ <-- Age of Mirlan /home/mud/ageofmirlan/crptcnt/test/area startup-test~
2004.08.15 22:31 A F:\Backup08152004\area\templar.are <-- Age of Mirlan /home/mud/ageofmirlan/crptcnt/test/area templar.are
2004.08.15 22:31 A F:\Backup08152004\area\thule.are <-- Age of Mirlan /home/mud/ageofmirlan/crptcnt/test/area thule.are
2004.08.15 22:32 A F:\Backup08152004\area\tomes-origional.txt <-- Age of Mirlan /home/mud/ageofmirlan/crptcnt/test/area tomes-origional.txt
2004.08.15 22:32 A F:\Backup08152004\area\tomes.txt <-- Age of Mirlan /home/mud/ageofmirlan/crptcnt/test/area tomes.txt
2004.08.15 22:32 A F:\Backup08152004\area\typos.txt <-- Age of Mirlan /home/mud/ageofmirlan/crptcnt/test/area typos.txt
2004.08.15 22:32 A F:\Backup08152004\area\ulsym.are <-- Age of Mirlan /home/mud/ageofmirlan/crptcnt/test/area ulsym.are
2004.08.15 22:32 A F:\Backup08152004\area\underdrk.are <-- Age of Mirlan /home/mud/ageofmirlan/crptcnt/test/area underdrk.are
2004.08.15 22:32 A F:\Backup08152004\area\venpal.are <-- Age of Mirlan /home/mud/ageofmirlan/crptcnt/test/area venpal.are
2004.08.15 22:32 A F:\Backup08152004\area\warlord.are <-- Age of Mirlan /home/mud/ageofmirlan/crptcnt/test/area warlord.are
2004.08.15 22:32 A F:\Backup08152004\area\warmast.are <-- Age of Mirlan /home/mud/ageofmirlan/crptcnt/test/area warmast.are
2004.08.15 22:32 A F:\Backup08152004\area\yarlwood.are <-- Age of Mirlan /home/mud/ageofmirlan/crptcnt/test/area yarlwood.are
2004.08.15 22:32 A F:\Backup08152004\area\zalango.are <-- Age of Mirlan /home/mud/ageofmirlan/crptcnt/test/area zalango.are
